<?xml version="1.0" encoding="UTF-8"?>
<testng-results ignored="0" total="1" passed="1" failed="0" skipped="0">
  <reporter-output>
  </reporter-output>
  <suite started-at="2020-07-06T02:47:53 IST" name="Default suite" finished-at="2020-07-06T02:50:09 IST" duration-ms="135408">
    <groups>
    </groups>
    <test started-at="2020-07-06T02:47:53 IST" name="Default test" finished-at="2020-07-06T02:50:09 IST" duration-ms="135408">
      <class name="com.training.sanity.tests.TakeAssesmentTest">
        <test-method is-config="true" signature="setUpBeforeClass()[pri:0, instance:com.training.sanity.tests.TakeAssesmentTest@6b26e945]" started-at="2020-07-06T02:47:53 IST" name="setUpBeforeClass" finished-at="2020-07-06T02:47:53 IST" duration-ms="15" status="PASS">
          <reporter-output>
          </reporter-output>
        </test-method> <!-- setUpBeforeClass -->
        <test-method is-config="true" signature="setUp()[pri:0, instance:com.training.sanity.tests.TakeAssesmentTest@6b26e945]" started-at="2020-07-06T02:47:53 IST" name="setUp" finished-at="2020-07-06T02:48:06 IST" duration-ms="12592" status="PASS">
          <reporter-output>
          </reporter-output>
        </test-method> <!-- setUp -->
        <test-method signature="takequizTest()[pri:0, instance:com.training.sanity.tests.TakeAssesmentTest@6b26e945]" started-at="2020-07-06T02:48:06 IST" name="takequizTest" finished-at="2020-07-06T02:50:07 IST" duration-ms="121040" status="PASS">
          <reporter-output>
          </reporter-output>
        </test-method> <!-- takequizTest -->
        <test-method is-config="true" signature="tearDown()[pri:0, instance:com.training.sanity.tests.TakeAssesmentTest@6b26e945]" started-at="2020-07-06T02:50:07 IST" name="tearDown" finished-at="2020-07-06T02:50:09 IST" duration-ms="1708" status="PASS">
          <reporter-output>
          </reporter-output>
        </test-method> <!-- tearDown -->
      </class> <!-- com.training.sanity.tests.TakeAssesmentTest -->
    </test> <!-- Default test -->
  </suite> <!-- Default suite -->
</testng-results>
